<?xml version="1.0" encoding="UTF-8"?>
<!-- Generated by org.testng.reporters.JUnitReportReporter -->
<testsuite hostname="LAPTOP-CT461LNR" failures="0" tests="1" name="Sample1.VerifyFacebookLoginPage" time="1.914" errors="0" timestamp="2025-01-09T09:50:18 IST" skipped="0">
  <testcase classname="Sample1.VerifyFacebookLoginPage" name="LaunchApplication" time="1.914"/>
</testsuite> <!-- Sample1.VerifyFacebookLoginPage -->
